2023-08-03 09:36:05 INFO com.polus.fibi.graphconnect.GraphConnectMainApp - Starting GraphConnectMainApp using Java 17.0.3 with PID 1968 (D:\projects\Fibi-COI-v1\Fibi\Server\Graph-Connect\target\classes started by LENOVO in D:\projects\Fibi-COI-v1\Fibi\Server\Graph-Connect)
2023-08-03 09:36:05 INFO com.polus.fibi.graphconnect.GraphConnectMainApp - No active profile set, falling back to 1 default profile: "default"
2023-08-03 09:36:05 INFO org.springframework.cloud.config.client.ConfigServerConfigDataLoader - Fetching config from server at : http://host.docker.internal:9296
2023-08-03 09:36:05 INFO org.springframework.cloud.config.client.ConfigServerConfigDataLoader - Located environment: name=GRAPH-CONNECT, profiles=[default], label=null, version=null, state=null
2023-08-03 09:36:07 INFO org.springframework.data.repository.config.RepositoryConfigurationDelegate - Multiple Spring Data modules found, entering strict repository configuration mode
2023-08-03 09:36:07 INFO org.springframework.data.repository.config.RepositoryConfigurationDelegate - Bootstrapping Spring Data JPA repositories in DEFAULT mode.
2023-08-03 09:36:07 INFO org.springframework.data.repository.config.RepositoryConfigurationExtensionSupport - Spring Data JPA - Could not safely identify store assignment for repository candidate interface com.polus.fibi.graphconnect.coi.repository.AwardRepository; If you want this repository to be a JPA repository, consider annotating your entities with one of these annotations: jakarta.persistence.Entity, jakarta.persistence.MappedSuperclass (preferred), or consider extending one of the following types with your repository: org.springframework.data.jpa.repository.JpaRepository
2023-08-03 09:36:07 INFO org.springframework.data.repository.config.RepositoryConfigurationExtensionSupport - Spring Data JPA - Could not safely identify store assignment for repository candidate interface com.polus.fibi.graphconnect.coi.repository.COIDisclosureRepository; If you want this repository to be a JPA repository, consider annotating your entities with one of these annotations: jakarta.persistence.Entity, jakarta.persistence.MappedSuperclass (preferred), or consider extending one of the following types with your repository: org.springframework.data.jpa.repository.JpaRepository
2023-08-03 09:36:07 INFO org.springframework.data.repository.config.RepositoryConfigurationExtensionSupport - Spring Data JPA - Could not safely identify store assignment for repository candidate interface com.polus.fibi.graphconnect.coi.repository.CountryRepository; If you want this repository to be a JPA repository, consider annotating your entities with one of these annotations: jakarta.persistence.Entity, jakarta.persistence.MappedSuperclass (preferred), or consider extending one of the following types with your repository: org.springframework.data.jpa.repository.JpaRepository
2023-08-03 09:36:07 INFO org.springframework.data.repository.config.RepositoryConfigurationExtensionSupport - Spring Data JPA - Could not safely identify store assignment for repository candidate interface com.polus.fibi.graphconnect.coi.repository.EntityRepository; If you want this repository to be a JPA repository, consider annotating your entities with one of these annotations: jakarta.persistence.Entity, jakarta.persistence.MappedSuperclass (preferred), or consider extending one of the following types with your repository: org.springframework.data.jpa.repository.JpaRepository
2023-08-03 09:36:07 INFO org.springframework.data.repository.config.RepositoryConfigurationExtensionSupport - Spring Data JPA - Could not safely identify store assignment for repository candidate interface com.polus.fibi.graphconnect.coi.repository.GraphRepository; If you want this repository to be a JPA repository, consider annotating your entities with one of these annotations: jakarta.persistence.Entity, jakarta.persistence.MappedSuperclass (preferred), or consider extending one of the following types with your repository: org.springframework.data.jpa.repository.JpaRepository
2023-08-03 09:36:07 INFO org.springframework.data.repository.config.RepositoryConfigurationExtensionSupport - Spring Data JPA - Could not safely identify store assignment for repository candidate interface com.polus.fibi.graphconnect.coi.repository.PersonRepository; If you want this repository to be a JPA repository, consider annotating your entities with one of these annotations: jakarta.persistence.Entity, jakarta.persistence.MappedSuperclass (preferred), or consider extending one of the following types with your repository: org.springframework.data.jpa.repository.JpaRepository
2023-08-03 09:36:07 INFO org.springframework.data.repository.config.RepositoryConfigurationExtensionSupport - Spring Data JPA - Could not safely identify store assignment for repository candidate interface com.polus.fibi.graphconnect.coi.repository.ProposalRepository; If you want this repository to be a JPA repository, consider annotating your entities with one of these annotations: jakarta.persistence.Entity, jakarta.persistence.MappedSuperclass (preferred), or consider extending one of the following types with your repository: org.springframework.data.jpa.repository.JpaRepository
2023-08-03 09:36:07 INFO org.springframework.data.repository.config.RepositoryConfigurationExtensionSupport - Spring Data JPA - Could not safely identify store assignment for repository candidate interface com.polus.fibi.graphconnect.coi.repository.SponsorRepository; If you want this repository to be a JPA repository, consider annotating your entities with one of these annotations: jakarta.persistence.Entity, jakarta.persistence.MappedSuperclass (preferred), or consider extending one of the following types with your repository: org.springframework.data.jpa.repository.JpaRepository
2023-08-03 09:36:07 INFO org.springframework.data.repository.config.RepositoryConfigurationExtensionSupport - Spring Data JPA - Could not safely identify store assignment for repository candidate interface com.polus.fibi.graphconnect.coi.repository.TravelDisclosureRepository; If you want this repository to be a JPA repository, consider annotating your entities with one of these annotations: jakarta.persistence.Entity, jakarta.persistence.MappedSuperclass (preferred), or consider extending one of the following types with your repository: org.springframework.data.jpa.repository.JpaRepository
2023-08-03 09:36:07 INFO org.springframework.data.repository.config.RepositoryConfigurationExtensionSupport - Spring Data JPA - Could not safely identify store assignment for repository candidate interface com.polus.fibi.graphconnect.coi.repository.UnitRepository; If you want this repository to be a JPA repository, consider annotating your entities with one of these annotations: jakarta.persistence.Entity, jakarta.persistence.MappedSuperclass (preferred), or consider extending one of the following types with your repository: org.springframework.data.jpa.repository.JpaRepository
2023-08-03 09:36:07 INFO org.springframework.data.repository.config.RepositoryConfigurationDelegate - Finished Spring Data repository scanning in 72 ms. Found 0 JPA repository interfaces.
2023-08-03 09:36:07 INFO org.springframework.data.repository.config.RepositoryConfigurationDelegate - Multiple Spring Data modules found, entering strict repository configuration mode
2023-08-03 09:36:07 INFO org.springframework.data.repository.config.RepositoryConfigurationDelegate - Bootstrapping Spring Data Neo4j repositories in DEFAULT mode.
2023-08-03 09:36:07 INFO org.springframework.data.repository.config.RepositoryConfigurationDelegate - Finished Spring Data repository scanning in 214 ms. Found 0 Neo4j repository interfaces.
2023-08-03 09:36:07 INFO org.springframework.data.repository.config.RepositoryConfigurationDelegate - Multiple Spring Data modules found, entering strict repository configuration mode
2023-08-03 09:36:07 INFO org.springframework.data.repository.config.RepositoryConfigurationDelegate - Bootstrapping Spring Data Neo4j repositories in DEFAULT mode.
2023-08-03 09:36:07 INFO org.springframework.data.repository.config.RepositoryConfigurationDelegate - Finished Spring Data repository scanning in 30 ms. Found 10 Neo4j repository interfaces.
2023-08-03 09:36:08 INFO org.springframework.cloud.context.scope.GenericScope - BeanFactory id=c4c69036-137f-3e3c-ac71-2c838f82f0cb
2023-08-03 09:36:08 INFO org.springframework.boot.web.embedded.tomcat.TomcatWebServer - Tomcat initialized with port(s): 8090 (http)
2023-08-03 09:36:08 INFO org.apache.catalina.core.StandardService - Starting service [Tomcat]
2023-08-03 09:36:08 INFO org.apache.catalina.core.StandardEngine - Starting Servlet engine: [Apache Tomcat/10.1.8]
2023-08-03 09:36:09 INFO org.apache.catalina.core.ContainerBase.[Tomcat].[localhost].[/graph-connect] - Initializing Spring embedded WebApplicationContext
2023-08-03 09:36:09 INFO org.springframework.boot.web.servlet.context.ServletWebServerApplicationContext - Root WebApplicationContext: initialization completed in 3748 ms
2023-08-03 09:36:10 INFO com.zaxxer.hikari.HikariDataSource - HikariPool-1 - Starting...
2023-08-03 09:36:12 INFO com.zaxxer.hikari.pool.HikariPool - HikariPool-1 - Added connection com.mysql.cj.jdbc.ConnectionImpl@77a85e76
2023-08-03 09:36:12 INFO com.zaxxer.hikari.HikariDataSource - HikariPool-1 - Start completed.
2023-08-03 09:36:12 INFO org.hibernate.jpa.internal.util.LogHelper - HHH000204: Processing PersistenceUnitInfo [name: default]
2023-08-03 09:36:12 INFO org.hibernate.Version - HHH000412: Hibernate ORM core version 6.1.7.Final
2023-08-03 09:36:14 INFO SQL dialect - HHH000400: Using dialect: org.hibernate.dialect.MySQLDialect
2023-08-03 09:36:14 INFO org.hibernate.engine.transaction.jta.platform.internal.JtaPlatformInitiator - HHH000490: Using JtaPlatform implementation: [org.hibernate.engine.transaction.jta.platform.internal.NoJtaPlatform]
2023-08-03 09:36:14 INFO org.springframework.orm.jpa.LocalContainerEntityManagerFactoryBean - Initialized JPA EntityManagerFactory for persistence unit 'default'
2023-08-03 09:36:15 INFO org.neo4j.driver.internal.DriverFactory - Routing driver instance 1843660571 created for server address 192.168.1.248:7687
2023-08-03 09:36:15 WARN org.springframework.data.neo4j.core.mapping.Neo4jPersistentEntity - The entity com.polus.fibi.graphconnect.coi.entity.LinkProperty is using a Long value for storing internally generated Neo4j ids. The Neo4j internal Long Ids are deprecated, please consider using an external ID generator.
2023-08-03 09:36:16 WARN org.springframework.boot.autoconfigure.orm.jpa.JpaBaseConfiguration$JpaWebConfiguration - spring.jpa.open-in-view is enabled by default. Therefore, database queries may be performed during view rendering. Explicitly configure spring.jpa.open-in-view to disable this warning
2023-08-03 09:36:17 INFO org.springframework.cloud.netflix.eureka.config.DiscoveryClientOptionalArgsConfiguration - Eureka HTTP Client uses RestTemplate.
2023-08-03 09:36:17 WARN org.springframework.cloud.loadbalancer.config.LoadBalancerCacheAutoConfiguration$LoadBalancerCaffeineWarnLogger - Spring Cloud LoadBalancer is currently working with the default cache. While this cache implementation is useful for development and tests, it's recommended to use Caffeine cache in production.You can switch to using Caffeine cache, by adding it and org.springframework.cache.caffeine.CaffeineCacheManager to the classpath.
2023-08-03 09:36:17 INFO org.springframework.boot.actuate.endpoint.web.EndpointLinksResolver - Exposing 1 endpoint(s) beneath base path '/actuator'
2023-08-03 09:36:17 INFO org.springframework.cloud.netflix.eureka.InstanceInfoFactory - Setting initial instance status as: STARTING
2023-08-03 09:36:17 INFO com.netflix.discovery.DiscoveryClient - Initializing Eureka in region us-east-1
2023-08-03 09:36:17 INFO com.netflix.discovery.shared.resolver.aws.ConfigClusterResolver - Resolving eureka endpoints via configuration
2023-08-03 09:36:17 INFO com.netflix.discovery.DiscoveryClient - Disable delta property : false
2023-08-03 09:36:17 INFO com.netflix.discovery.DiscoveryClient - Single vip registry refresh property : null
2023-08-03 09:36:17 INFO com.netflix.discovery.DiscoveryClient - Force full registry fetch : false
2023-08-03 09:36:17 INFO com.netflix.discovery.DiscoveryClient - Application is null : false
2023-08-03 09:36:17 INFO com.netflix.discovery.DiscoveryClient - Registered Applications size is zero : true
2023-08-03 09:36:17 INFO com.netflix.discovery.DiscoveryClient - Application version is -1: true
2023-08-03 09:36:17 INFO com.netflix.discovery.DiscoveryClient - Getting all instance registry info from the eureka server
2023-08-03 09:36:18 INFO com.netflix.discovery.DiscoveryClient - The response status is 200
2023-08-03 09:36:18 INFO com.netflix.discovery.DiscoveryClient - Starting heartbeat executor: renew interval is: 30
2023-08-03 09:36:18 INFO com.netflix.discovery.InstanceInfoReplicator - InstanceInfoReplicator onDemand update allowed rate per min is 4
2023-08-03 09:36:18 INFO com.netflix.discovery.DiscoveryClient - Discovery Client initialized at timestamp 1691051778276 with initial instances count: 2
2023-08-03 09:36:18 INFO org.springframework.cloud.netflix.eureka.serviceregistry.EurekaServiceRegistry - Registering application GRAPH-CONNECT with eureka with status UP
2023-08-03 09:36:18 INFO com.netflix.discovery.DiscoveryClient - Saw local status change event StatusChangeEvent [timestamp=1691051778281, current=UP, previous=STARTING]
2023-08-03 09:36:18 INFO com.netflix.discovery.DiscoveryClient - DiscoveryClient_GRAPH-CONNECT/host.docker.internal:graph-connect:8090: registering service...
2023-08-03 09:36:18 INFO org.springframework.boot.web.embedded.tomcat.TomcatWebServer - Tomcat started on port(s): 8090 (http) with context path '/graph-connect'
2023-08-03 09:36:18 INFO org.springframework.cloud.netflix.eureka.serviceregistry.EurekaAutoServiceRegistration - Updating port to 8090
2023-08-03 09:36:18 INFO com.netflix.discovery.DiscoveryClient - DiscoveryClient_GRAPH-CONNECT/host.docker.internal:graph-connect:8090 - registration status: 204
2023-08-03 09:36:18 INFO com.polus.fibi.graphconnect.GraphConnectMainApp - Started GraphConnectMainApp in 75.907 seconds (process running for 77.097)
2023-08-03 09:41:17 INFO com.netflix.discovery.shared.resolver.aws.ConfigClusterResolver - Resolving eureka endpoints via configuration
2023-08-03 09:46:17 INFO com.netflix.discovery.shared.resolver.aws.ConfigClusterResolver - Resolving eureka endpoints via configuration
2023-08-03 09:48:57 INFO org.apache.catalina.core.ContainerBase.[Tomcat].[localhost].[/graph-connect] - Initializing Spring DispatcherServlet 'dispatcherServlet'
2023-08-03 09:48:57 INFO org.springframework.web.servlet.DispatcherServlet - Initializing Servlet 'dispatcherServlet'
2023-08-03 09:48:57 INFO org.springframework.web.servlet.DispatcherServlet - Completed initialization in 224 ms
2023-08-03 09:51:17 INFO com.netflix.discovery.shared.resolver.aws.ConfigClusterResolver - Resolving eureka endpoints via configuration
2023-08-03 09:56:17 INFO com.netflix.discovery.shared.resolver.aws.ConfigClusterResolver - Resolving eureka endpoints via configuration
